Using pre-set license
Built from '2020.3/staging' branch; Version is '2020.3.0f1 (c7b5465681fb) revision 13088070'; Using compiler version '192528614'; Build Type 'Release'
OS: 'Windows 10 Home Single Language; OS build 19043.1110; Version 2009; 64bit' Language: 'tr' Physical Memory: 16220 MB
BatchMode: 1, IsHumanControllingUs: 0, StartBugReporterOnCrash: 0, Is64bit: 1, IsPro: 0

 COMMAND LINE ARGUMENTS:
C:\Program Files\Unity\Hub\Editor\2020.3.0f1\Editor\Unity.exe
-adb2
-batchMode
-noUpm
-name
AssetImportWorker1
-projectPath
C:/Users/erayb/Desktop/Repos/Unity Projects/Generic Grid System Test
-logFile
Logs/AssetImportWorker1.log
-srvPort
61145
Successfully changed project path to: C:/Users/erayb/Desktop/Repos/Unity Projects/Generic Grid System Test
C:/Users/erayb/Desktop/Repos/Unity Projects/Generic Grid System Test
Using Asset Import Pipeline V2.
Refreshing native plugins compatible for Editor in 20.33 ms, found 0 plugins.
Preloading 0 native plugins for Editor in 0.00 ms.
Initialize engine version: 2020.3.0f1 (c7b5465681fb)
[Subsystems] Discovering subsystems at path C:/Program Files/Unity/Hub/Editor/2020.3.0f1/Editor/Data/Resources/UnitySubsystems
[Subsystems] Discovering subsystems at path C:/Users/erayb/Desktop/Repos/Unity Projects/Generic Grid System Test/Assets
GfxDevice: creating device client; threaded=0
Direct3D:
    Version:  Direct3D 11.0 [level 11.1]
    Renderer: NVIDIA GeForce RTX 2060 (ID=0x1f15)
    Vendor:   
    VRAM:     5980 MB
    Driver:   30.0.14.7141
Initialize mono
Mono path[0] = 'C:/Program Files/Unity/Hub/Editor/2020.3.0f1/Editor/Data/Managed'
Mono path[1] = 'C:/Program Files/Unity/Hub/Editor/2020.3.0f1/Editor/Data/MonoBleedingEdge/lib/mono/unityjit'
Mono config path = 'C:/Program Files/Unity/Hub/Editor/2020.3.0f1/Editor/Data/MonoBleedingEdge/etc'
Using monoOptions --debugger-agent=transport=dt_socket,embedding=1,server=y,suspend=n,address=127.0.0.1:56804
Begin MonoManager ReloadAssembly
Registering precompiled unity dll's ...
Register platform support module: C:/Program Files/Unity/Hub/Editor/2020.3.0f1/Editor/Data/PlaybackEngines/WebGLSupport/UnityEditor.WebGL.Extensions.dll
Register platform support module: C:/Program Files/Unity/Hub/Editor/2020.3.0f1/Editor/Data/PlaybackEngines/WindowsStandaloneSupport/UnityEditor.WindowsStandalone.Extensions.dll
Registered in 0.002170 seconds.
Native extension for WindowsStandalone target not found
Native extension for WebGL target not found
Refreshing native plugins compatible for Editor in 18.80 ms, found 0 plugins.
Preloading 0 native plugins for Editor in 0.00 ms.
Invoked RoslynAnalysisRunner static constructor.
RoslynAnalysisRunner will not be running.
RoslynAnalysisRunner has terminated.
Mono: successfully reloaded assembly
- Completed reload, in  3.794 seconds
Platform modules already initialized, skipping
Registering precompiled user dll's ...
Registered in 0.000615 seconds.
Begin MonoManager ReloadAssembly
Native extension for WindowsStandalone target not found
Native extension for WebGL target not found
Refreshing native plugins compatible for Editor in 0.17 ms, found 0 plugins.
Preloading 0 native plugins for Editor in 0.00 ms.
Invoked RoslynAnalysisRunner static constructor.
RoslynAnalysisRunner will not be running.
RoslynAnalysisRunner has terminated.
Mono: successfully reloaded assembly
- Completed reload, in  0.656 seconds
Platform modules already initialized, skipping
========================================================================
Worker process is ready to serve import requests
Launched and connected shader compiler UnityShaderCompiler.exe after 0.12 seconds
Refreshing native plugins compatible for Editor in 0.18 ms, found 0 plugins.
Preloading 0 native plugins for Editor in 0.00 ms.
Unloading 1117 Unused Serialized files (Serialized files now loaded: 0)
System memory in use before: 57.0 MB.
System memory in use after: 57.1 MB.

Unloading 10 unused Assets to reduce memory usage. Loaded Objects now: 1559.
Total: 1.586300 ms (FindLiveObjects: 0.116900 ms CreateObjectMapping: 0.031200 ms MarkObjects: 1.358200 ms  DeleteObjects: 0.079100 ms)

========================================================================
Received Import Request.
  path: Assets/GridSystem/GridDatas/GridData.asset
  artifactKey: Guid(a7abdfd336625494caa5d35be17b48f8) Importer(815301076,1909f56bfc062723c751e8b465ee728b)
Start importing Assets/GridSystem/GridDatas/GridData.asset using Guid(a7abdfd336625494caa5d35be17b48f8) Importer(815301076,1909f56bfc062723c751e8b465ee728b)  -> (artifact id: 'e1882b73237423b9dec4b7f0e9d1aa65') in 0.027389 seconds
  Import took 0.028959 seconds .

========================================================================
Received Import Request.
  Time since last request: 14.290406 seconds.
  path: Assets/GridSystem/GridDatas/GridDataTest 1.asset
  artifactKey: Guid(a7abdfd336625494caa5d35be17b48f8) Importer(815301076,1909f56bfc062723c751e8b465ee728b)
Start importing Assets/GridSystem/GridDatas/GridDataTest 1.asset using Guid(a7abdfd336625494caa5d35be17b48f8) Importer(815301076,1909f56bfc062723c751e8b465ee728b)  -> (artifact id: '715b964651eefa613dfcd00448e47a7c') in 0.005398 seconds
  Import took 0.007288 seconds .

========================================================================
Received Import Request.
  Time since last request: 0.657632 seconds.
  path: Assets/GridSystem/GridDatas/GridDataTest 1.asset
  artifactKey: Guid(a7abdfd336625494caa5d35be17b48f8) Importer(815301076,1909f56bfc062723c751e8b465ee728b)
Start importing Assets/GridSystem/GridDatas/GridDataTest 1.asset using Guid(a7abdfd336625494caa5d35be17b48f8) Importer(815301076,1909f56bfc062723c751e8b465ee728b)  -> (artifact id: 'da6732a756d11cda77a1fd2322643b84') in 0.004254 seconds
  Import took 0.005937 seconds .

========================================================================
Received Import Request.
  Time since last request: 14.111512 seconds.
  path: Assets/GridSystem/GridDatas/GridData.asset
  artifactKey: Guid(ff34fca7c6361a4488e95b854e7cb69c) Importer(815301076,1909f56bfc062723c751e8b465ee728b)
Start importing Assets/GridSystem/GridDatas/GridData.asset using Guid(ff34fca7c6361a4488e95b854e7cb69c) Importer(815301076,1909f56bfc062723c751e8b465ee728b)  -> (artifact id: '62f13d52653fa6e48a7cbb6df437ae97') in 0.003886 seconds
  Import took 0.005804 seconds .

========================================================================
Received Import Request.
  Time since last request: 11.292622 seconds.
  path: Assets/GridSystem/GridDatas/GridDataTest 2.asset
  artifactKey: Guid(ff34fca7c6361a4488e95b854e7cb69c) Importer(815301076,1909f56bfc062723c751e8b465ee728b)
Start importing Assets/GridSystem/GridDatas/GridDataTest 2.asset using Guid(ff34fca7c6361a4488e95b854e7cb69c) Importer(815301076,1909f56bfc062723c751e8b465ee728b)  -> (artifact id: 'd47635ae9b76d5dd461fd7b47a2e117a') in 0.005173 seconds
  Import took 0.007118 seconds .

========================================================================
Received Import Request.
  Time since last request: 0.438312 seconds.
  path: Assets/GridSystem/GridDatas/GridDataTest 2.asset
  artifactKey: Guid(ff34fca7c6361a4488e95b854e7cb69c) Importer(815301076,1909f56bfc062723c751e8b465ee728b)
Start importing Assets/GridSystem/GridDatas/GridDataTest 2.asset using Guid(ff34fca7c6361a4488e95b854e7cb69c) Importer(815301076,1909f56bfc062723c751e8b465ee728b)  -> (artifact id: 'd4a11615712577d56175bc251ca66662') in 0.004623 seconds
  Import took 0.006255 seconds .

